This file contains any messages produced by compilers while
running configure, to aid debugging if configure makes a mistake.

It was created by [SAMPLE] configure [x.xx], which was
generated by GNU Autoconf 2.60.  Invocation command line was

  $ ./configure --disable-option-checking --prefix=/usr/local --enable-assertions CC=gcc CXX=g++ --cache-file=/dev/null --srcdir=.

## --------- ##
## Platform. ##
## --------- ##

hostname = MuroDasLamentacoes
uname -m = x86_64
uname -r = 4.4.0-124-generic
uname -s = Linux
uname -v = #148~14.04.1-Ubuntu SMP Thu May 3 07:26:53 UTC 2018

/usr/bin/uname -p = unknown
/bin/uname -X     = unknown

/bin/arch              = unknown
/usr/bin/arch -k       = unknown
/usr/convex/getsysinfo = unknown
/usr/bin/hostinfo      = unknown
/bin/machine           = unknown
/usr/bin/oslevel       = unknown
/bin/universe          = unknown

PATH: /usr/local/sbin
PATH: /usr/local/bin
PATH: /usr/sbin
PATH: /usr/bin
PATH: /sbin
PATH: /bin
PATH: /usr/games
PATH: /usr/local/games
PATH: /opt/firefox
PATH: /opt/firefox


## ----------- ##
## Core tests. ##
## ----------- ##

configure:1836: creating ./config.status

## ---------------------- ##
## Running config.status. ##
## ---------------------- ##

This file was extended by [SAMPLE] config.status [x.xx], which was
generated by GNU Autoconf 2.60.  Invocation command line was

  CONFIG_FILES    = 
  CONFIG_HEADERS  = 
  CONFIG_LINKS    = 
  CONFIG_COMMANDS = 
  $ ./config.status 

on MuroDasLamentacoes

config.status:569: creating Makefile.common
config.status:749: executing setup commands
config.status:749: executing Makefile commands
config.status:749: executing lib/Makefile commands
config.status:749: executing lib/sample/Makefile commands
config.status:749: executing tools/Makefile commands
config.status:749: executing tools/sample/Makefile commands

## ---------------- ##
## Cache variables. ##
## ---------------- ##

ac_cv_env_build_alias_set=
ac_cv_env_build_alias_value=
ac_cv_env_host_alias_set=
ac_cv_env_host_alias_value=
ac_cv_env_target_alias_set=
ac_cv_env_target_alias_value=

## ----------------- ##
## Output variables. ##
## ----------------- ##

DEFS='-DPACKAGE_NAME=\"\[SAMPLE\]\" -DPACKAGE_TARNAME=\"--sample--\" -DPACKAGE_VERSION=\"\[x.xx\]\" -DPACKAGE_STRING=\"\[SAMPLE\]\ \[x.xx\]\" -DPACKAGE_BUGREPORT=\"bugs@yourdomain\"'
ECHO_C=''
ECHO_N='-n'
ECHO_T=''
LIBOBJS=''
LIBS=''
LLVM_OBJ='/home/leandro/myLegUp/4.0/llvm-2.9_mips'
LLVM_SRC='/home/leandro/myLegUp/4.0/llvm-2.9_mips'
LTLIBOBJS=''
PACKAGE_BUGREPORT='bugs@yourdomain'
PACKAGE_NAME='[SAMPLE]'
PACKAGE_STRING='[SAMPLE] [x.xx]'
PACKAGE_TARNAME='--sample--'
PACKAGE_VERSION='[x.xx]'
PATH_SEPARATOR=':'
SHELL='/bin/bash'
bindir='${exec_prefix}/bin'
build_alias=''
datadir='${datarootdir}'
datarootdir='${prefix}/share'
docdir='${datarootdir}/doc/${PACKAGE_TARNAME}'
dvidir='${docdir}'
exec_prefix='${prefix}'
host_alias=''
htmldir='${docdir}'
includedir='${prefix}/include'
infodir='${datarootdir}/info'
libdir='${exec_prefix}/lib'
libexecdir='${exec_prefix}/libexec'
localedir='${datarootdir}/locale'
localstatedir='${prefix}/var'
mandir='${datarootdir}/man'
oldincludedir='/usr/include'
pdfdir='${docdir}'
prefix='/usr/local'
program_transform_name='s,x,x,'
psdir='${docdir}'
sbindir='${exec_prefix}/sbin'
sharedstatedir='${prefix}/com'
sysconfdir='${prefix}/etc'
target_alias=''

## ----------- ##
## confdefs.h. ##
## ----------- ##

#define PACKAGE_NAME "[SAMPLE]"
#define PACKAGE_TARNAME "--sample--"
#define PACKAGE_VERSION "[x.xx]"
#define PACKAGE_STRING "[SAMPLE] [x.xx]"
#define PACKAGE_BUGREPORT "bugs@yourdomain"

configure: exit 0
