//----------------------------------------------------------------------------//
// Generated by LegUp High-Level Synthesis Tool Version 3.0 (http://legup.org)
// Compiled: Mon Jan 21 22:52:01 2013
// University of Toronto
// For research and academic purposes only. Commercial use is prohibited.
// Please send bugs to: legup@eecg.toronto.edu
// Date: Fri Jan 25 15:30:45 2013
//----------------------------------------------------------------------------//

Start Function: main
state: LEGUP_0
   Transition: if (start): LEGUP_F_main_BB_0_1 default: LEGUP_0
state: LEGUP_F_main_BB_0_1
   br label %.preheader1
   Transition: default: LEGUP_F_main_BB__preheader1_2
state: LEGUP_F_main_BB__preheader1_2
   %count.05 = phi i64 [ 0, %0 ], [ %8, %10 ] (endState: LEGUP_F_main_BB__preheader1_2)
   %i.04 = phi i32 [ 0, %0 ], [ %11, %10 ] (endState: LEGUP_F_main_BB__preheader1_2)
   br label %.preheader
   Transition: default: LEGUP_F_main_BB__preheader_3
state: LEGUP_F_main_BB__preheader_3
   %count.13 = phi i64 [ %count.05, %.preheader1 ], [ %8, %multiply.exit ] (endState: LEGUP_F_main_BB__preheader_3)
   %j.02 = phi i32 [ 0, %.preheader1 ], [ %9, %multiply.exit ] (endState: LEGUP_F_main_BB__preheader_3)
   %scevgep = getelementptr [20 x [20 x i32]]* @resultAB1, i32 0, i32 %i.04, i32 %j.02 (endState: LEGUP_F_main_BB__preheader_3)
   br label %1
   Transition: default: LEGUP_F_main_BB_1_4
state: LEGUP_F_main_BB_1_4
   %sum.02.i = phi i32 [ %5, %1 ], [ 0, %.preheader ] (endState: LEGUP_F_main_BB_1_4)
   %k.01.i = phi i32 [ %6, %1 ], [ 0, %.preheader ] (endState: LEGUP_F_main_BB_1_4)
   %scevgep.i = getelementptr [20 x [20 x i32]]* @A1, i32 0, i32 %i.04, i32 %k.01.i (endState: LEGUP_F_main_BB_1_4)
   %scevgep3.i = getelementptr [20 x [20 x i32]]* @B1, i32 0, i32 %k.01.i, i32 %j.02 (endState: LEGUP_F_main_BB_1_4)
   tail call void @__legup_label(i8* getelementptr inbounds ([5 x i8]* @.str, i32 0, i32 0)) nounwind (endState: LEGUP_F_main_BB_1_4)
   %6 = add nsw i32 %k.01.i, 1 (endState: LEGUP_F_main_BB_1_4)
   %exitcond = icmp eq i32 %6, 20 (endState: LEGUP_F_main_BB_1_4)
   Transition: default: LEGUP_F_main_BB_1_5
state: LEGUP_F_main_BB_1_5
   %2 = volatile load i32* %scevgep.i, align 4, !tbaa !0 (endState: LEGUP_F_main_BB_1_7)
   %3 = volatile load i32* %scevgep3.i, align 4, !tbaa !0 (endState: LEGUP_F_main_BB_1_7)
   Transition: default: LEGUP_F_main_BB_1_6
state: LEGUP_F_main_BB_1_6
   Transition: default: LEGUP_F_main_BB_1_7
state: LEGUP_F_main_BB_1_7
   %4 = mul nsw i32 %3, %2 (endState: LEGUP_F_main_BB_1_7)
   %5 = add nsw i32 %4, %sum.02.i (endState: LEGUP_F_main_BB_1_7)
   br i1 %exitcond, label %multiply.exit, label %1
   Transition: if (%exitcond): LEGUP_F_main_BB_multiply_exit_8 default: LEGUP_F_main_BB_1_4
state: LEGUP_F_main_BB_multiply_exit_8
   volatile store i32 %5, i32* %scevgep, align 4, !tbaa !0 (endState: LEGUP_F_main_BB_multiply_exit_8)
   %7 = sext i32 %5 to i64 (endState: LEGUP_F_main_BB_multiply_exit_8)
   %8 = add i64 %7, %count.13 (endState: LEGUP_F_main_BB_multiply_exit_8)
   %9 = add nsw i32 %j.02, 1 (endState: LEGUP_F_main_BB_multiply_exit_8)
   %exitcond7 = icmp eq i32 %9, 20 (endState: LEGUP_F_main_BB_multiply_exit_8)
   br i1 %exitcond7, label %10, label %.preheader
   Transition: if (%exitcond7): LEGUP_F_main_BB_10_9 default: LEGUP_F_main_BB__preheader_3
state: LEGUP_F_main_BB_10_9
   %11 = add nsw i32 %i.04, 1 (endState: LEGUP_F_main_BB_10_9)
   %exitcond8 = icmp eq i32 %11, 20 (endState: LEGUP_F_main_BB_10_9)
   br i1 %exitcond8, label %12, label %.preheader1
   Transition: if (%exitcond8): LEGUP_F_main_BB_12_10 default: LEGUP_F_main_BB__preheader1_2
state: LEGUP_F_main_BB_12_10
   %13 = tail call i32 (i8*, ...)* @printf(i8* getelementptr inbounds ([14 x i8]* @.str1, i32 0, i32 0), i64 %8) nounwind (endState: LEGUP_F_main_BB_12_10)
   %14 = icmp eq i64 %8, 962122000 (endState: LEGUP_F_main_BB_12_10)
   br i1 %14, label %15, label %17
   Transition: if (%14): LEGUP_F_main_BB_15_11 default: LEGUP_F_main_BB_17_12
state: LEGUP_F_main_BB_15_11
   %16 = tail call i32 (i8*, ...)* @printf(i8* getelementptr inbounds ([14 x i8]* @.str2, i32 0, i32 0)) nounwind (endState: LEGUP_F_main_BB_15_11)
   br label %19
   Transition: default: LEGUP_F_main_BB_19_13
state: LEGUP_F_main_BB_17_12
   %18 = tail call i32 (i8*, ...)* @printf(i8* getelementptr inbounds ([14 x i8]* @.str3, i32 0, i32 0)) nounwind (endState: LEGUP_F_main_BB_17_12)
   br label %19
   Transition: default: LEGUP_F_main_BB_19_13
state: LEGUP_F_main_BB_19_13
   %20 = trunc i64 %8 to i32 (endState: LEGUP_F_main_BB_19_13)
   ret i32 %20
   Transition: default: LEGUP_0

Basic Block: %19 Num States: 1
Basic Block: %.preheader1 Num States: 1
Basic Block: %.preheader Num States: 1
Basic Block: %0 Num States: 1
Basic Block: %1 Num States: 4
Basic Block: %multiply.exit Num States: 1
Basic Block: %10 Num States: 1
Basic Block: %12 Num States: 1
Basic Block: %15 Num States: 1
Basic Block: %17 Num States: 1
End Function: main
--------------------------------------------------------------------------------

